<?xml version="1.0" encoding="UTF-8"?>
<testsuite xmlns:xsi="http://www.w3.org/2001/XMLSchema-instance" xsi:noNamespaceSchemaLocation="https://maven.apache.org/surefire/maven-surefire-plugin/xsd/surefire-test-report-3.0.xsd" version="3.0" name="com.example.LionTest" time="0.102" tests="18" errors="0" skipped="0" failures="0">
  <properties>
[...]
</properties>
  <testcase name="getFoodShouldThrowExceptionWhenFelineThrows" classname="com.example.LionTest" time="0.005"/>
  <testcase name="getKittensShouldReturnExpectedValue" classname="com.example.LionTest" time="0.001"/>
  <testcase name="getKittensShouldCallFelineGetKittensOnce" classname="com.example.LionTest" time="0.003"/>
  <testcase name="getFoodShouldReturnExpectedFood" classname="com.example.LionTest" time="0.003"/>
  <testcase name="constructorInvalidSexShouldHaveCorrectMessage(String)[1]" classname="com.example.LionTest" time="0.005"/>
  <testcase name="constructorInvalidSexShouldHaveCorrectMessage(String)[2]" classname="com.example.LionTest" time="0.0"/>
  <testcase name="constructorInvalidSexShouldHaveCorrectMessage(String)[3]" classname="com.example.LionTest" time="0.0"/>
  <testcase name="constructorInvalidSexShouldHaveCorrectMessage(String)[4]" classname="com.example.LionTest" time="0.0"/>
  <testcase name="constructorValidSexShouldSetHasManeCorrectly(String, boolean)[1]" classname="com.example.LionTest" time="0.02"/>
  <testcase name="constructorValidSexShouldSetHasManeCorrectly(String, boolean)[2]" classname="com.example.LionTest" time="0.0"/>
  <testcase name="getFoodExceptionShouldHaveCorrectMessage" classname="com.example.LionTest" time="0.004"/>
  <testcase name="getFoodShouldCallFelineEatMeatOnce" classname="com.example.LionTest" time="0.001"/>
  <testcase name="doesHaveManeShouldReturnFalseForFemale" classname="com.example.LionTest" time="0.0"/>
  <testcase name="doesHaveManeShouldReturnTrueForMale" classname="com.example.LionTest" time="0.001"/>
  <testcase name="constructorInvalidSexShouldThrowException(String)[1]" classname="com.example.LionTest" time="0.0"/>
  <testcase name="constructorInvalidSexShouldThrowException(String)[2]" classname="com.example.LionTest" time="0.001"/>
  <testcase name="constructorInvalidSexShouldThrowException(String)[3]" classname="com.example.LionTest" time="0.001"/>
  <testcase name="constructorInvalidSexShouldThrowException(String)[4]" classname="com.example.LionTest" time="0.0"/>
</testsuite>